

*******************************************************************************
Thu Jun 18 10:43:49 2020


FIT:    data read from 'lin.txt' using 1:4
        format = x:z
        #datapoints = 20
        residuals are weighted equally (unit weight)

function used for fitting: f(x)
	f(x) = a*x**b
BREAK: Need via and either parameter list or file

*******************************************************************************
Thu Jun 18 10:44:04 2020


FIT:    data read from 'lin.txt' using 1:4
        format = x:z
        #datapoints = 20
        residuals are weighted equally (unit weight)

function used for fitting: f(x)
	f(x) = a*x**b
fitted parameters initialized with current variable values

iter      chisq       delta/lim  lambda   a             b            
   0 7.6991400000e+03   0.00e+00  6.27e+01    1.000000e+00   1.000000e+00
   6 1.5508759053e+01  -7.64e-01  6.27e-05    2.541364e+00   2.661322e-01

After 6 iterations the fit converged.
final sum of squares of residuals : 15.5088
rel. change during last iteration : -7.63787e-06

degrees of freedom    (FIT_NDF)                        : 18
rms of residuals      (FIT_STDFIT) = sqrt(WSSR/ndf)    : 0.928223
variance of residuals (reduced chisquare) = WSSR/ndf   : 0.861598

Final set of parameters            Asymptotic Standard Error
=======================            ==========================
a               = 2.54136          +/- 0.5091       (20.03%)
b               = 0.266132         +/- 0.06323      (23.76%)

correlation matrix of the fit parameters:
                a      b      
a               1.000 
b              -0.983  1.000 


*******************************************************************************
Thu Jun 18 10:46:28 2020


FIT:    data read from 'sqrt.txt' using 1:3
        format = x:z
        #datapoints = 20
        residuals are weighted equally (unit weight)

function used for fitting: f(x)
	f(x)= a*x**b
fitted parameters initialized with current variable values

iter      chisq       delta/lim  lambda   a             b            
   0 1.2179940000e+04   0.00e+00  7.79e+01    1.000000e+00   1.000000e+00
   6 5.5603214228e+00  -2.04e-01  7.79e-05    2.028392e+00   2.663250e-01

After 6 iterations the fit converged.
final sum of squares of residuals : 5.56032
rel. change during last iteration : -2.04142e-06

degrees of freedom    (FIT_NDF)                        : 18
rms of residuals      (FIT_STDFIT) = sqrt(WSSR/ndf)    : 0.555794
variance of residuals (reduced chisquare) = WSSR/ndf   : 0.308907

Final set of parameters            Asymptotic Standard Error
=======================            ==========================
a               = 2.02839          +/- 0.2712       (13.37%)
b               = 0.266325         +/- 0.04065      (15.26%)

correlation matrix of the fit parameters:
                a      b      
a               1.000 
b              -0.980  1.000 


*******************************************************************************
Fri Jun 19 10:52:37 2020


FIT:    data read from "sqrt.txt" using 1:2
        format = x:z
        #datapoints = 20
        residuals are weighted equally (unit weight)

function used for fitting: f(x)
	f(x)= a*x**b
fitted parameters initialized with current variable values

iter      chisq       delta/lim  lambda   a             b            
   0 1.2738210000e+04   0.00e+00  7.79e+01    1.000000e+00   1.000000e+00
   7 4.2063304985e+00  -2.09e-01  7.79e-06    1.332829e+00   3.427724e-01

After 7 iterations the fit converged.
final sum of squares of residuals : 4.20633
rel. change during last iteration : -2.09384e-06

degrees of freedom    (FIT_NDF)                        : 18
rms of residuals      (FIT_STDFIT) = sqrt(WSSR/ndf)    : 0.48341
variance of residuals (reduced chisquare) = WSSR/ndf   : 0.233685

Final set of parameters            Asymptotic Standard Error
=======================            ==========================
a               = 1.33283          +/- 0.1963       (14.73%)
b               = 0.342772         +/- 0.04401      (12.84%)

correlation matrix of the fit parameters:
                a      b      
a               1.000 
b              -0.982  1.000 


*******************************************************************************
Fri Jun 19 10:52:58 2020


FIT:    data read from "sqrt.txt" using 1:4
        format = x:z
        #datapoints = 19
        residuals are weighted equally (unit weight)

function used for fitting: f(x)
	f(x)= a*x**b
fitted parameters initialized with current variable values

iter      chisq       delta/lim  lambda   a             b            
   0 1.4541174705e+02   0.00e+00  4.28e+00    1.332829e+00   3.427724e-01
   5 5.7965071345e+00  -9.25e-08  4.28e-01    2.591045e+00   2.989007e-01

After 5 iterations the fit converged.
final sum of squares of residuals : 5.79651
rel. change during last iteration : -9.24569e-13

degrees of freedom    (FIT_NDF)                        : 17
rms of residuals      (FIT_STDFIT) = sqrt(WSSR/ndf)    : 0.583927
variance of residuals (reduced chisquare) = WSSR/ndf   : 0.340971

Final set of parameters            Asymptotic Standard Error
=======================            ==========================
a               = 2.59104          +/- 0.2911       (11.23%)
b               = 0.298901         +/- 0.03367      (11.27%)

correlation matrix of the fit parameters:
                a      b      
a               1.000 
b              -0.984  1.000 


*******************************************************************************
Fri Jun 19 14:56:14 2020


FIT:    data read from 'sqrt.txt' using 1:4
        format = x:z
        #datapoints = 19
        residuals are weighted equally (unit weight)

function used for fitting: f(x)
	f(x) = a*x**(0.5)
fitted parameters initialized with current variable values

iter      chisq       delta/lim  lambda   a            
   0 6.4291677712e+01   0.00e+00  5.05e+00    1.000000e+00
   3 1.6871090924e+01  -1.94e-04  5.05e-03    1.312689e+00

After 3 iterations the fit converged.
final sum of squares of residuals : 16.8711
rel. change during last iteration : -1.94446e-09

degrees of freedom    (FIT_NDF)                        : 18
rms of residuals      (FIT_STDFIT) = sqrt(WSSR/ndf)    : 0.968134
variance of residuals (reduced chisquare) = WSSR/ndf   : 0.937283

Final set of parameters            Asymptotic Standard Error
=======================            ==========================
a               = 1.31269          +/- 0.04396      (3.349%)
