\BOOKMARK [0][-]{section*.1}{Quantum Walks with Time-Dependent Hamiltonian}{}% 1
\BOOKMARK [1][-]{section*.2}{Introduction}{section*.1}% 2
\BOOKMARK [1][-]{section*.3}{Background}{section*.1}% 3
\BOOKMARK [2][-]{section*.4}{Graph Theory}{section*.3}% 4
\BOOKMARK [2][-]{section*.5}{Quantum Walks}{section*.3}% 5
\BOOKMARK [2][-]{section*.6}{Grover's Quantum Search}{section*.3}% 6
\BOOKMARK [2][-]{section*.7}{Quantum Search with Continous-Time Quantum Walk}{section*.3}% 7
\BOOKMARK [2][-]{section*.8}{Search on Complete Graph}{section*.3}% 8
\BOOKMARK [2][-]{section*.9}{Adiabatic Theorem}{section*.3}% 9
\BOOKMARK [1][-]{section*.10}{Dynamics and Methods}{section*.1}% 10
\BOOKMARK [2][-]{section*.11}{Time Independent Hamiltonian}{section*.10}% 11
\BOOKMARK [2][-]{section*.12}{Time Dependent Hamiltonian}{section*.10}% 12
\BOOKMARK [2][-]{section*.13}{Comments on the form of s\(t\)}{section*.10}% 13
\BOOKMARK [2][-]{section*.14}{Computational Routines}{section*.10}% 14
\BOOKMARK [1][-]{section*.15}{Results for selected topologies}{section*.1}% 15
\BOOKMARK [2][-]{section*.16}{Search vs Localization}{section*.15}% 16
\BOOKMARK [2][-]{section*.17}{Circular graph}{section*.15}% 17
\BOOKMARK [3][-]{section*.18}{Time-Independent Benchmarks}{section*.17}% 18
\BOOKMARK [3][-]{section*.19}{Time-Dependent Algorithm}{section*.17}% 19
\BOOKMARK [3][-]{section*.20}{Qualitative Comparison}{section*.17}% 20
\BOOKMARK [3][-]{section*.21}{Numerical Comparison}{section*.17}% 21
\BOOKMARK [3][-]{section*.22}{Different s\(t\) shapes}{section*.17}% 22
\BOOKMARK [3][-]{section*.23}{Localization}{section*.17}% 23
\BOOKMARK [2][-]{section*.24}{Complete graph}{section*.15}% 24
\BOOKMARK [1][-]{section*.25}{Future Developments}{section*.1}% 25
\BOOKMARK [1][-]{section*.26}{Appendix}{section*.1}% 26
\BOOKMARK [2][-]{section*.27}{Optimization Algorithm}{section*.26}% 27
\BOOKMARK [2][-]{section*.28}{Schroedinger Solver and Normalization Error}{section*.26}% 28
